0 info it worked if it ends with ok
1 verbose cli [ '/usr/bin/node', '/usr/bin/npm', 'run', 'all' ]
2 info using npm@3.5.2
3 info using node@v8.10.0
4 verbose run-script [ 'preall', 'all', 'postall' ]
5 info lifecycle puppeteer-in-electron@2.0.5~preall: puppeteer-in-electron@2.0.5
6 silly lifecycle puppeteer-in-electron@2.0.5~preall: no script for preall, continuing
7 info lifecycle puppeteer-in-electron@2.0.5~all: puppeteer-in-electron@2.0.5
8 verbose lifecycle puppeteer-in-electron@2.0.5~all: unsafe-perm in lifecycle true
9 verbose lifecycle puppeteer-in-electron@2.0.5~all: PATH: /usr/share/npm/bin/node-gyp-bin:/home/cstayyab/Development/puppeteer-in-electron/node_modules/.bin:/home/cstayyab/.local/bin:/home/cstayyab/.local/bin:/usr/local/sbin:/usr/local/bin:/usr/sbin:/usr/bin:/sbin:/bin:/usr/games:/usr/local/games:/snap/bin:/home/cstayyab/.dotnet/tools:/home/cstayyab/.dotnet/tools
10 verbose lifecycle puppeteer-in-electron@2.0.5~all: CWD: /home/cstayyab/Development/puppeteer-in-electron
11 silly lifecycle puppeteer-in-electron@2.0.5~all: Args: [ '-c',
11 silly lifecycle   'npm run lint && npm run build && npm run test && npm run pack && npm run testPack && npm run docs' ]
12 silly lifecycle puppeteer-in-electron@2.0.5~all: Returned: code: 1  signal: null
13 info lifecycle puppeteer-in-electron@2.0.5~all: Failed to exec all script
14 verbose stack Error: puppeteer-in-electron@2.0.5 all: `npm run lint && npm run build && npm run test && npm run pack && npm run testPack && npm run docs`
14 verbose stack Exit status 1
14 verbose stack     at EventEmitter.<anonymous> (/usr/share/npm/lib/utils/lifecycle.js:232:16)
14 verbose stack     at emitTwo (events.js:126:13)
14 verbose stack     at EventEmitter.emit (events.js:214:7)
14 verbose stack     at ChildProcess.<anonymous> (/usr/share/npm/lib/utils/spawn.js:24:14)
14 verbose stack     at emitTwo (events.js:126:13)
14 verbose stack     at ChildProcess.emit (events.js:214:7)
14 verbose stack     at maybeClose (internal/child_process.js:925:16)
14 verbose stack     at Process.ChildProcess._handle.onexit (internal/child_process.js:209:5)
15 verbose pkgid puppeteer-in-electron@2.0.5
16 verbose cwd /home/cstayyab/Development/puppeteer-in-electron
17 error Linux 5.3.0-40-generic
18 error argv "/usr/bin/node" "/usr/bin/npm" "run" "all"
19 error node v8.10.0
20 error npm  v3.5.2
21 error code ELIFECYCLE
22 error puppeteer-in-electron@2.0.5 all: `npm run lint && npm run build && npm run test && npm run pack && npm run testPack && npm run docs`
22 error Exit status 1
23 error Failed at the puppeteer-in-electron@2.0.5 all script 'npm run lint && npm run build && npm run test && npm run pack && npm run testPack && npm run docs'.
23 error Make sure you have the latest version of node.js and npm installed.
23 error If you do, this is most likely a problem with the puppeteer-in-electron package,
23 error not with npm itself.
23 error Tell the author that this fails on your system:
23 error     npm run lint && npm run build && npm run test && npm run pack && npm run testPack && npm run docs
23 error You can get information on how to open an issue for this project with:
23 error     npm bugs puppeteer-in-electron
23 error Or if that isn't available, you can get their info via:
23 error     npm owner ls puppeteer-in-electron
23 error There is likely additional logging output above.
24 verbose exit [ 1, true ]
